This is TeX, Version 3.14159 (Web2C 7.3.1) (format=latex 2001.9.17)  9 APR 2002 01:44
**report.tex
(report.tex
LaTeX2e <2000/06/01>
Babel <v3.7h> and hyphenation patterns for american, french, german, ngerman, i
talian, portuges, spanish, swedish, nohyphenation, loaded.
(/usr/share/texmf/tex/latex/base/article.cls
Document Class: article 2000/05/19 v1.4b Standard LaTeX document class
(/usr/share/texmf/tex/latex/base/size12.clo
File: size12.clo 2000/05/19 v1.4b Standard LaTeX file (size option)
)
\c@part=\count79
\c@section=\count80
\c@subsection=\count81
\c@subsubsection=\count82
\c@paragraph=\count83
\c@subparagraph=\count84
\c@figure=\count85
\c@table=\count86
\abovecaptionskip=\skip41
\belowcaptionskip=\skip42
\bibindent=\dimen102
)

! LaTeX Error: File `psfig.tex' not found.

Type X to quit or <RETURN> to proceed,
or enter new name. (Default extension: tex)

Enter file name: q
(/usr/share/texmf/tex/latex/tools/q.tex File ignored
)

! LaTeX Error: File `my.sty' not found.

Type X to quit or <RETURN> to proceed,
or enter new name. (Default extension: sty)

Enter file name: 
! Emergency stop.
<read *> 
         
l.7 \usepackage
               {fullpage}^^M
*** (cannot \read from terminal in nonstop modes)

 
Here is how much of TeX's memory you used:
 205 strings out of 20876
 2022 string characters out of 195863
 45562 words of memory out of 350001
 3219 multiletter control sequences out of 10000+15000
 3938 words of font info for 15 fonts, out of 400000 for 1000
 16 hyphenation exceptions out of 1000
 22i,0n,19p,125b,40s stack positions out of 1500i,100n,500p,50000b,4000s
No pages of output.
