2001.08.26 01:40 B D:\Machine Learning\Data\soybean\backup-large.data <-- dluu@UTSA /home/dluu/courses/Machine/database/soybean backup-large.data
2001.08.26 01:40 B D:\Machine Learning\Data\soybean\backup-large.test <-- dluu@UTSA /home/dluu/courses/Machine/database/soybean backup-large.test
2001.08.26 01:40 B D:\Machine Learning\Data\soybean\fisher-order <-- dluu@UTSA /home/dluu/courses/Machine/database/soybean fisher-order
2001.08.26 01:40 B D:\Machine Learning\Data\soybean\Index <-- dluu@UTSA /home/dluu/courses/Machine/database/soybean Index
2001.08.26 01:40 B D:\Machine Learning\Data\soybean\soybean-explanation <-- dluu@UTSA /home/dluu/courses/Machine/database/soybean soybean-explanation
2001.08.26 01:40 B D:\Machine Learning\Data\soybean\soybean-large.data <-- dluu@UTSA /home/dluu/courses/Machine/database/soybean soybean-large.data
2001.08.26 01:40 B D:\Machine Learning\Data\soybean\soybean-large.names <-- dluu@UTSA /home/dluu/courses/Machine/database/soybean soybean-large.names
2001.08.26 01:40 B D:\Machine Learning\Data\soybean\soybean-large.test <-- dluu@UTSA /home/dluu/courses/Machine/database/soybean soybean-large.test
2001.08.26 01:40 B D:\Machine Learning\Data\soybean\soybean-small.data <-- dluu@UTSA /home/dluu/courses/Machine/database/soybean soybean-small.data
2001.08.26 01:40 B D:\Machine Learning\Data\soybean\soybean-small.names <-- dluu@UTSA /home/dluu/courses/Machine/database/soybean soybean-small.names
2001.08.26 01:40 B D:\Machine Learning\Data\soybean\soybean.arff <-- dluu@UTSA /home/dluu/courses/Machine/database/soybean soybean.arff
2001.08.26 01:40 B D:\Machine Learning\Data\soybean\stepp-order <-- dluu@UTSA /home/dluu/courses/Machine/database/soybean stepp-order
2001.08.26 01:40 B D:\Machine Learning\Data\soybean\why-various-soybean-databases <-- dluu@UTSA /home/dluu/courses/Machine/database/soybean why-various-soybean-databases
2001.10.07 10:38 B D:\Machine Learning\Data\soybean\backup-large.data --> ten22.cs.utsa.edu /home/dluu/courses/ML/Data/soybean backup-large.data
2001.10.07 10:38 B D:\Machine Learning\Data\soybean\backup-large.test --> ten22.cs.utsa.edu /home/dluu/courses/ML/Data/soybean backup-large.test
2001.10.07 10:38 B D:\Machine Learning\Data\soybean\fisher-order --> ten22.cs.utsa.edu /home/dluu/courses/ML/Data/soybean fisher-order
2001.10.07 10:38 B D:\Machine Learning\Data\soybean\Index --> ten22.cs.utsa.edu /home/dluu/courses/ML/Data/soybean Index
2001.10.07 10:38 B D:\Machine Learning\Data\soybean\soybean-explanation --> ten22.cs.utsa.edu /home/dluu/courses/ML/Data/soybean soybean-explanation
2001.10.07 10:38 B D:\Machine Learning\Data\soybean\soybean-large.data --> ten22.cs.utsa.edu /home/dluu/courses/ML/Data/soybean soybean-large.data
2001.10.07 10:38 B D:\Machine Learning\Data\soybean\soybean-large.names --> ten22.cs.utsa.edu /home/dluu/courses/ML/Data/soybean soybean-large.names
2001.10.07 10:38 B D:\Machine Learning\Data\soybean\soybean-large.test --> ten22.cs.utsa.edu /home/dluu/courses/ML/Data/soybean soybean-large.test
2001.10.07 10:38 B D:\Machine Learning\Data\soybean\soybean-small.data --> ten22.cs.utsa.edu /home/dluu/courses/ML/Data/soybean soybean-small.data
2001.10.07 10:38 B D:\Machine Learning\Data\soybean\soybean-small.names --> ten22.cs.utsa.edu /home/dluu/courses/ML/Data/soybean soybean-small.names
2001.10.07 10:38 B D:\Machine Learning\Data\soybean\soybean.arff --> ten22.cs.utsa.edu /home/dluu/courses/ML/Data/soybean soybean.arff
2001.10.07 10:38 B D:\Machine Learning\Data\soybean\stepp-order --> ten22.cs.utsa.edu /home/dluu/courses/ML/Data/soybean stepp-order
2001.10.07 10:38 B D:\Machine Learning\Data\soybean\why-various-soybean-databases --> ten22.cs.utsa.edu /home/dluu/courses/ML/Data/soybean why-various-soybean-databases
101.10.25 01:17 B C:\My Documents\datamining\ML\Data\soybean\WS_FTP.LOG <-- !!UTSA /home/dluu/courses/ML/Data/soybean WS_FTP.LOG
102.03.09 13:55 B C:\My Documents\datamining\ML\Data\soybean\backup-large.data --> thoxu.dynu.com /upload/my documents/datamining/ml/data/soybean backup-large.data
102.03.09 13:55 B C:\My Documents\datamining\ML\Data\soybean\backup-large.test --> thoxu.dynu.com /upload/my documents/datamining/ml/data/soybean backup-large.test
102.03.09 13:55 B C:\My Documents\datamining\ML\Data\soybean\fisher-order --> thoxu.dynu.com /upload/my documents/datamining/ml/data/soybean fisher-order
102.03.09 13:55 B C:\My Documents\datamining\ML\Data\soybean\Index --> thoxu.dynu.com /upload/my documents/datamining/ml/data/soybean Index
102.03.09 13:55 B C:\My Documents\datamining\ML\Data\soybean\soybean-explanation --> thoxu.dynu.com /upload/my documents/datamining/ml/data/soybean soybean-explanation
102.03.09 13:55 B C:\My Documents\datamining\ML\Data\soybean\soybean-large.data --> thoxu.dynu.com /upload/my documents/datamining/ml/data/soybean soybean-large.data
102.03.09 13:55 B C:\My Documents\datamining\ML\Data\soybean\soybean-large.names --> thoxu.dynu.com /upload/my documents/datamining/ml/data/soybean soybean-large.names
102.03.09 13:55 B C:\My Documents\datamining\ML\Data\soybean\soybean-large.test --> thoxu.dynu.com /upload/my documents/datamining/ml/data/soybean soybean-large.test
102.03.09 13:55 B C:\My Documents\datamining\ML\Data\soybean\soybean-small.data --> thoxu.dynu.com /upload/my documents/datamining/ml/data/soybean soybean-small.data
102.03.09 13:55 B C:\My Documents\datamining\ML\Data\soybean\soybean-small.names --> thoxu.dynu.com /upload/my documents/datamining/ml/data/soybean soybean-small.names
102.03.09 13:55 B C:\My Documents\datamining\ML\Data\soybean\soybean.arff --> thoxu.dynu.com /upload/my documents/datamining/ml/data/soybean soybean.arff
102.03.09 13:55 B C:\My Documents\datamining\ML\Data\soybean\stepp-order --> thoxu.dynu.com /upload/my documents/datamining/ml/data/soybean stepp-order
102.03.09 13:55 B C:\My Documents\datamining\ML\Data\soybean\why-various-soybean-databases --> thoxu.dynu.com /upload/my documents/datamining/ml/data/soybean why-various-soybean-databases
