2001.08.26 01:40 B D:\Machine Learning\Data\heart-disease\ask-detrano <-- dluu@UTSA /home/dluu/courses/Machine/database/heart-disease ask-detrano
2001.08.26 01:40 B D:\Machine Learning\Data\heart-disease\bak <-- dluu@UTSA /home/dluu/courses/Machine/database/heart-disease bak
2001.08.26 01:40 B D:\Machine Learning\Data\heart-disease\cleve.mod <-- dluu@UTSA /home/dluu/courses/Machine/database/heart-disease cleve.mod
2001.08.26 01:40 B D:\Machine Learning\Data\heart-disease\cleveland.data <-- dluu@UTSA /home/dluu/courses/Machine/database/heart-disease cleveland.data
2001.08.26 01:40 B D:\Machine Learning\Data\heart-disease\heart-disease.names <-- dluu@UTSA /home/dluu/courses/Machine/database/heart-disease heart-disease.names
2001.08.26 01:40 B D:\Machine Learning\Data\heart-disease\hungarian.data <-- dluu@UTSA /home/dluu/courses/Machine/database/heart-disease hungarian.data
2001.08.26 01:40 B D:\Machine Learning\Data\heart-disease\Index <-- dluu@UTSA /home/dluu/courses/Machine/database/heart-disease Index
2001.08.26 01:40 B D:\Machine Learning\Data\heart-disease\long-beach-va.data <-- dluu@UTSA /home/dluu/courses/Machine/database/heart-disease long-beach-va.data
2001.08.26 01:40 B D:\Machine Learning\Data\heart-disease\new.data <-- dluu@UTSA /home/dluu/courses/Machine/database/heart-disease new.data
2001.08.26 01:40 B D:\Machine Learning\Data\heart-disease\processed.cleveland.data <-- dluu@UTSA /home/dluu/courses/Machine/database/heart-disease processed.cleveland.data
2001.08.26 01:40 B D:\Machine Learning\Data\heart-disease\processed.hungarian.data <-- dluu@UTSA /home/dluu/courses/Machine/database/heart-disease processed.hungarian.data
2001.08.26 01:40 B D:\Machine Learning\Data\heart-disease\processed.switzerland.data <-- dluu@UTSA /home/dluu/courses/Machine/database/heart-disease processed.switzerland.data
2001.08.26 01:40 B D:\Machine Learning\Data\heart-disease\processed.va.data <-- dluu@UTSA /home/dluu/courses/Machine/database/heart-disease processed.va.data
2001.08.26 01:40 B D:\Machine Learning\Data\heart-disease\reprocessed.hungarian.data <-- dluu@UTSA /home/dluu/courses/Machine/database/heart-disease reprocessed.hungarian.data
2001.08.26 01:40 B D:\Machine Learning\Data\heart-disease\switzerland.data <-- dluu@UTSA /home/dluu/courses/Machine/database/heart-disease switzerland.data
2001.08.26 01:40 B D:\Machine Learning\Data\heart-disease\WARNING <-- dluu@UTSA /home/dluu/courses/Machine/database/heart-disease WARNING
2001.10.07 10:37 B D:\Machine Learning\Data\heart-disease\ask-detrano --> ten22.cs.utsa.edu /home/dluu/courses/ML/Data/heart-disease ask-detrano
2001.10.07 10:37 B D:\Machine Learning\Data\heart-disease\bak --> ten22.cs.utsa.edu /home/dluu/courses/ML/Data/heart-disease bak
2001.10.07 10:37 B D:\Machine Learning\Data\heart-disease\cleve.mod --> ten22.cs.utsa.edu /home/dluu/courses/ML/Data/heart-disease cleve.mod
2001.10.07 10:37 B D:\Machine Learning\Data\heart-disease\cleveland.data --> ten22.cs.utsa.edu /home/dluu/courses/ML/Data/heart-disease cleveland.data
2001.10.07 10:37 B D:\Machine Learning\Data\heart-disease\heart-disease.names --> ten22.cs.utsa.edu /home/dluu/courses/ML/Data/heart-disease heart-disease.names
2001.10.07 10:37 B D:\Machine Learning\Data\heart-disease\heart_disease.arff --> ten22.cs.utsa.edu /home/dluu/courses/ML/Data/heart-disease heart_disease.arff
2001.10.07 10:37 B D:\Machine Learning\Data\heart-disease\hungarian.data --> ten22.cs.utsa.edu /home/dluu/courses/ML/Data/heart-disease hungarian.data
2001.10.07 10:37 B D:\Machine Learning\Data\heart-disease\Index --> ten22.cs.utsa.edu /home/dluu/courses/ML/Data/heart-disease Index
2001.10.07 10:37 B D:\Machine Learning\Data\heart-disease\long-beach-va.data --> ten22.cs.utsa.edu /home/dluu/courses/ML/Data/heart-disease long-beach-va.data
2001.10.07 10:37 B D:\Machine Learning\Data\heart-disease\new.data --> ten22.cs.utsa.edu /home/dluu/courses/ML/Data/heart-disease new.data
2001.10.07 10:37 B D:\Machine Learning\Data\heart-disease\processed.cleveland.data --> ten22.cs.utsa.edu /home/dluu/courses/ML/Data/heart-disease processed.cleveland.data
2001.10.07 10:37 B D:\Machine Learning\Data\heart-disease\processed.hungarian.data --> ten22.cs.utsa.edu /home/dluu/courses/ML/Data/heart-disease processed.hungarian.data
2001.10.07 10:37 B D:\Machine Learning\Data\heart-disease\processed.switzerland.data --> ten22.cs.utsa.edu /home/dluu/courses/ML/Data/heart-disease processed.switzerland.data
2001.10.07 10:37 B D:\Machine Learning\Data\heart-disease\processed.va.data --> ten22.cs.utsa.edu /home/dluu/courses/ML/Data/heart-disease processed.va.data
2001.10.07 10:37 B D:\Machine Learning\Data\heart-disease\reprocessed.hungarian.data --> ten22.cs.utsa.edu /home/dluu/courses/ML/Data/heart-disease reprocessed.hungarian.data
2001.10.07 10:37 B D:\Machine Learning\Data\heart-disease\switzerland.data --> ten22.cs.utsa.edu /home/dluu/courses/ML/Data/heart-disease switzerland.data
2001.10.07 10:37 B D:\Machine Learning\Data\heart-disease\WARNING --> ten22.cs.utsa.edu /home/dluu/courses/ML/Data/heart-disease WARNING
101.10.25 01:17 B C:\My Documents\datamining\ML\Data\heart-disease\WS_FTP.LOG <-- !!UTSA /home/dluu/courses/ML/Data/heart-disease WS_FTP.LOG
102.03.09 13:55 B C:\My Documents\datamining\ML\Data\heart-disease\ask-detrano --> thoxu.dynu.com /upload/my documents/datamining/ml/data/heart-disease ask-detrano
102.03.09 13:55 B C:\My Documents\datamining\ML\Data\heart-disease\bak --> thoxu.dynu.com /upload/my documents/datamining/ml/data/heart-disease bak
102.03.09 13:55 B C:\My Documents\datamining\ML\Data\heart-disease\cleve.mod --> thoxu.dynu.com /upload/my documents/datamining/ml/data/heart-disease cleve.mod
102.03.09 13:55 B C:\My Documents\datamining\ML\Data\heart-disease\cleveland.data --> thoxu.dynu.com /upload/my documents/datamining/ml/data/heart-disease cleveland.data
102.03.09 13:55 B C:\My Documents\datamining\ML\Data\heart-disease\heart-disease.names --> thoxu.dynu.com /upload/my documents/datamining/ml/data/heart-disease heart-disease.names
102.03.09 13:55 B C:\My Documents\datamining\ML\Data\heart-disease\heart_disease.arff --> thoxu.dynu.com /upload/my documents/datamining/ml/data/heart-disease heart_disease.arff
102.03.09 13:55 B C:\My Documents\datamining\ML\Data\heart-disease\hungarian.data --> thoxu.dynu.com /upload/my documents/datamining/ml/data/heart-disease hungarian.data
102.03.09 13:55 B C:\My Documents\datamining\ML\Data\heart-disease\Index --> thoxu.dynu.com /upload/my documents/datamining/ml/data/heart-disease Index
102.03.09 13:55 B C:\My Documents\datamining\ML\Data\heart-disease\long-beach-va.data --> thoxu.dynu.com /upload/my documents/datamining/ml/data/heart-disease long-beach-va.data
102.03.09 13:55 B C:\My Documents\datamining\ML\Data\heart-disease\new.data --> thoxu.dynu.com /upload/my documents/datamining/ml/data/heart-disease new.data
102.03.09 13:55 B C:\My Documents\datamining\ML\Data\heart-disease\processed.cleveland.data --> thoxu.dynu.com /upload/my documents/datamining/ml/data/heart-disease processed.cleveland.data
102.03.09 13:55 B C:\My Documents\datamining\ML\Data\heart-disease\processed.hungarian.data --> thoxu.dynu.com /upload/my documents/datamining/ml/data/heart-disease processed.hungarian.data
102.03.09 13:55 B C:\My Documents\datamining\ML\Data\heart-disease\processed.switzerland.data --> thoxu.dynu.com /upload/my documents/datamining/ml/data/heart-disease processed.switzerland.data
102.03.09 13:55 B C:\My Documents\datamining\ML\Data\heart-disease\processed.va.data --> thoxu.dynu.com /upload/my documents/datamining/ml/data/heart-disease processed.va.data
102.03.09 13:55 B C:\My Documents\datamining\ML\Data\heart-disease\reprocessed.hungarian.data --> thoxu.dynu.com /upload/my documents/datamining/ml/data/heart-disease reprocessed.hungarian.data
102.03.09 13:55 B C:\My Documents\datamining\ML\Data\heart-disease\switzerland.data --> thoxu.dynu.com /upload/my documents/datamining/ml/data/heart-disease switzerland.data
102.03.09 13:55 B C:\My Documents\datamining\ML\Data\heart-disease\WARNING --> thoxu.dynu.com /upload/my documents/datamining/ml/data/heart-disease WARNING
